0 info it worked if it ends with ok
1 verbose cli [ 'C:\\Program Files\\nodejs\\node.exe',
1 verbose cli   'C:\\Users\\ostechuser01\\AppData\\Roaming\\npm\\node_modules\\npm\\bin\\npm-cli.js',
1 verbose cli   'run',
1 verbose cli   'dev' ]
2 info using npm@4.1.2
3 info using node@v7.5.0
4 verbose run-script [ 'predev', 'dev', 'postdev' ]
5 info lifecycle redux-seed@4.1.0~predev: redux-seed@4.1.0
6 silly lifecycle redux-seed@4.1.0~predev: no script for predev, continuing
7 info lifecycle redux-seed@4.1.0~dev: redux-seed@4.1.0
8 verbose lifecycle redux-seed@4.1.0~dev: unsafe-perm in lifecycle true
9 verbose lifecycle redux-seed@4.1.0~dev: PATH: C:\Users\ostechuser01\AppData\Roaming\npm\node_modules\npm\bin\node-gyp-bin;C:\Users\ostechuser01\Documents\ftp\tap\sky\node_modules\.bin;C:\Program Files (x86)\Intel\iCLS Client\;C:\Program Files\Intel\iCLS Client\;C:\Program Files\Dell\DW WLAN Card;C:\WINDOWS\system32;C:\WINDOWS;C:\WINDOWS\System32\Wbem;C:\WINDOWS\System32\WindowsPowerShell\v1.0\;C:\Program Files\WIDCOMM\Bluetooth Software\;C:\Program Files\WIDCOMM\Bluetooth Software\syswow64;C:\Program Files\Intel\Intel(R) Management Engine Components\DAL;C:\Program Files (x86)\Intel\Intel(R) Management Engine Components\DAL;C:\Program Files\Intel\Intel(R) Management Engine Components\IPT;C:\Program Files (x86)\Intel\Intel(R) Management Engine Components\IPT;C:\Program Files\TortoiseSVN\bin;C:\Program Files\Git\cmd;C:\Program Files\nodejs\;C:\Program Files\OpenVPN\bin;C:\Users\ostechuser01\AppData\Local\atom\bin;C:\Program Files\Java\jre7\bin;D:\apache-ant-1.9.6\bin;C:\Users\ostechuser01\AppData\Local\Microsoft\WindowsApps;C:\Users\ostechuser01\AppData\Roaming\npm
10 verbose lifecycle redux-seed@4.1.0~dev: CWD: C:\Users\ostechuser01\Documents\ftp\tap\sky
11 silly lifecycle redux-seed@4.1.0~dev: Args: [ '/d /s /c',
11 silly lifecycle   'rimraf tmp && concurrently --kill-others "npm run watch-build-server" "npm run hot:client" "npm run dev:server:wait"' ]
12 silly lifecycle redux-seed@4.1.0~dev: Returned: code: 1  signal: null
13 info lifecycle redux-seed@4.1.0~dev: Failed to exec dev script
14 verbose stack Error: redux-seed@4.1.0 dev: `rimraf tmp && concurrently --kill-others "npm run watch-build-server" "npm run hot:client" "npm run dev:server:wait"`
14 verbose stack Exit status 1
14 verbose stack     at EventEmitter.<anonymous> (C:\Users\ostechuser01\AppData\Roaming\npm\node_modules\npm\lib\utils\lifecycle.js:279:16)
14 verbose stack     at emitTwo (events.js:106:13)
14 verbose stack     at EventEmitter.emit (events.js:192:7)
14 verbose stack     at ChildProcess.<anonymous> (C:\Users\ostechuser01\AppData\Roaming\npm\node_modules\npm\lib\utils\spawn.js:40:14)
14 verbose stack     at emitTwo (events.js:106:13)
14 verbose stack     at ChildProcess.emit (events.js:192:7)
14 verbose stack     at maybeClose (internal/child_process.js:890:16)
14 verbose stack     at Process.ChildProcess._handle.onexit (internal/child_process.js:226:5)
15 verbose pkgid redux-seed@4.1.0
16 verbose cwd C:\Users\ostechuser01\Documents\ftp\tap\sky
17 error Windows_NT 10.0.14393
18 error argv "C:\\Program Files\\nodejs\\node.exe" "C:\\Users\\ostechuser01\\AppData\\Roaming\\npm\\node_modules\\npm\\bin\\npm-cli.js" "run" "dev"
19 error node v7.5.0
20 error npm  v4.1.2
21 error code ELIFECYCLE
22 error redux-seed@4.1.0 dev: `rimraf tmp && concurrently --kill-others "npm run watch-build-server" "npm run hot:client" "npm run dev:server:wait"`
22 error Exit status 1
23 error Failed at the redux-seed@4.1.0 dev script 'rimraf tmp && concurrently --kill-others "npm run watch-build-server" "npm run hot:client" "npm run dev:server:wait"'.
23 error Make sure you have the latest version of node.js and npm installed.
23 error If you do, this is most likely a problem with the redux-seed package,
23 error not with npm itself.
23 error Tell the author that this fails on your system:
23 error     rimraf tmp && concurrently --kill-others "npm run watch-build-server" "npm run hot:client" "npm run dev:server:wait"
23 error You can get information on how to open an issue for this project with:
23 error     npm bugs redux-seed
23 error Or if that isn't available, you can get their info via:
23 error     npm owner ls redux-seed
23 error There is likely additional logging output above.
24 verbose exit [ 1, true ]
